<?xml version="1.0" encoding="UTF-8"?>
<!-- Generated by org.testng.reporters.JUnitReportReporter -->
<testsuite skipped="0" hostname="DESKTOP-3JR56L9" name="com.nexttech.stepdef.TestNGFeatures" tests="2" failures="0" timestamp="26 Mar 2020 22:23:53 GMT" time="0.011" errors="0">
  <testcase name="HomepageTest" time="0.010" classname="com.nexttech.stepdef.TestNGFeatures"/>
  <testcase name="loginTest" time="0.001" classname="com.nexttech.stepdef.TestNGFeatures"/>
</testsuite> <!-- com.nexttech.stepdef.TestNGFeatures -->
